<?xml version="1.0" encoding="UTF-8"?>
<testng-results ignored="0" total="1" passed="1" failed="0" skipped="0">
  <reporter-output>
  </reporter-output>
  <suite started-at="2021-03-11T07:04:00Z" name="Default suite" finished-at="2021-03-11T07:04:19Z" duration-ms="18748">
    <groups>
    </groups>
    <test started-at="2021-03-11T07:04:00Z" name="Default test" finished-at="2021-03-11T07:04:19Z" duration-ms="18748">
      <class name="com.FBAuto.test.LoginPage.LoginPageTest">
        <test-method is-config="true" signature="setup()[pri:0, instance:com.FBAuto.test.LoginPage.LoginPageTest@693e4d19]" started-at="2021-03-11T12:34:00Z" name="setup" finished-at="2021-03-11T12:34:00Z" duration-ms="6" status="PASS">
          <reporter-output>
          </reporter-output>
        </test-method> <!-- setup -->
        <test-method signature="CheckValidLogin()[pri:0, instance:com.FBAuto.test.LoginPage.LoginPageTest@693e4d19]" started-at="2021-03-11T12:34:00Z" name="CheckValidLogin" finished-at="2021-03-11T12:34:19Z" duration-ms="18619" status="PASS">
          <reporter-output>
          </reporter-output>
        </test-method> <!-- CheckValidLogin -->
        <test-method is-config="true" signature="tearDown()[pri:0, instance:com.FBAuto.test.LoginPage.LoginPageTest@693e4d19]" started-at="2021-03-11T12:34:19Z" name="tearDown" finished-at="2021-03-11T12:34:19Z" duration-ms="94" status="PASS">
          <reporter-output>
          </reporter-output>
        </test-method> <!-- tearDown -->
      </class> <!-- com.FBAuto.test.LoginPage.LoginPageTest -->
    </test> <!-- Default test -->
  </suite> <!-- Default suite -->
</testng-results>
