<?xml version="1.0" encoding="UTF-8"?>
<testng-results ignored="0" total="1" passed="1" failed="0" skipped="0">
  <reporter-output>
  </reporter-output>
  <suite started-at="2021-04-03T19:22:57Z" name="Default suite" finished-at="2021-04-03T19:23:18Z" duration-ms="20814">
    <groups>
    </groups>
    <test started-at="2021-04-03T19:22:57Z" name="Default test" finished-at="2021-04-03T19:23:18Z" duration-ms="20814">
      <class name="com.FBAuto.test.AddContentPage.AddContentTest">
        <test-method is-config="true" signature="getLogin()[pri:0, instance:com.FBAuto.test.AddContentPage.AddContentTest@1358b28e]" started-at="2021-04-04T00:52:57Z" name="getLogin" finished-at="2021-04-04T00:53:04Z" duration-ms="6591" status="PASS">
          <reporter-output>
          </reporter-output>
        </test-method> <!-- getLogin -->
        <test-method signature="createFile()[pri:0, instance:com.FBAuto.test.AddContentPage.AddContentTest@1358b28e]" started-at="2021-04-04T00:53:04Z" name="createFile" finished-at="2021-04-04T00:53:13Z" duration-ms="9431" status="PASS">
          <reporter-output>
          </reporter-output>
        </test-method> <!-- createFile -->
        <test-method is-config="true" signature="tearDown()[pri:0, instance:com.FBAuto.test.AddContentPage.AddContentTest@1358b28e]" started-at="2021-04-04T00:53:13Z" name="tearDown" finished-at="2021-04-04T00:53:18Z" duration-ms="4777" status="PASS">
          <reporter-output>
          </reporter-output>
        </test-method> <!-- tearDown -->
      </class> <!-- com.FBAuto.test.AddContentPage.AddContentTest -->
    </test> <!-- Default test -->
  </suite> <!-- Default suite -->
</testng-results>
